0 info it worked if it ends with ok
1 verbose cli [ 'node', '/usr/local/bin/npm', 'install' ]
2 info using npm@1.4.28
3 info using node@v0.10.35
4 warn package.json takeData@ No description
5 warn package.json takeData@ No repository field.
6 warn package.json takeData@ No README data
7 verbose readDependencies using package.json deps
8 verbose install where, deps [ '/Users/hanyu/Documents/goapp_workspace/girlsintest/node_workspace/takeData',
8 verbose install   [ 'underscore', 'component-jquery' ] ]
9 info preinstall takeData@
10 verbose readDependencies using package.json deps
11 verbose cache add [ 'underscore@1.7.0', null ]
12 verbose cache add name=undefined spec="underscore@1.7.0" args=["underscore@1.7.0",null]
13 verbose parsed url { protocol: null,
13 verbose parsed url   slashes: null,
13 verbose parsed url   auth: null,
13 verbose parsed url   host: null,
13 verbose parsed url   port: null,
13 verbose parsed url   hostname: null,
13 verbose parsed url   hash: null,
13 verbose parsed url   search: null,
13 verbose parsed url   query: null,
13 verbose parsed url   pathname: 'underscore@1.7.0',
13 verbose parsed url   path: 'underscore@1.7.0',
13 verbose parsed url   href: 'underscore@1.7.0' }
14 verbose cache add [ 'component-jquery@*', null ]
15 verbose cache add name=undefined spec="component-jquery@*" args=["component-jquery@*",null]
16 verbose parsed url { protocol: null,
16 verbose parsed url   slashes: null,
16 verbose parsed url   auth: null,
16 verbose parsed url   host: null,
16 verbose parsed url   port: null,
16 verbose parsed url   hostname: null,
16 verbose parsed url   hash: null,
16 verbose parsed url   search: null,
16 verbose parsed url   query: null,
16 verbose parsed url   pathname: 'component-jquery@*',
16 verbose parsed url   path: 'component-jquery@*',
16 verbose parsed url   href: 'component-jquery@*' }
17 verbose cache add name="underscore" spec="1.7.0" args=["underscore","1.7.0"]
18 verbose parsed url { protocol: null,
18 verbose parsed url   slashes: null,
18 verbose parsed url   auth: null,
18 verbose parsed url   host: null,
18 verbose parsed url   port: null,
18 verbose parsed url   hostname: null,
18 verbose parsed url   hash: null,
18 verbose parsed url   search: null,
18 verbose parsed url   query: null,
18 verbose parsed url   pathname: '1.7.0',
18 verbose parsed url   path: '1.7.0',
18 verbose parsed url   href: '1.7.0' }
19 verbose addNamed [ 'underscore', '1.7.0' ]
20 verbose addNamed [ '1.7.0', '1.7.0' ]
21 verbose cache add name="component-jquery" spec="*" args=["component-jquery","*"]
22 verbose parsed url { protocol: null,
22 verbose parsed url   slashes: null,
22 verbose parsed url   auth: null,
22 verbose parsed url   host: null,
22 verbose parsed url   port: null,
22 verbose parsed url   hostname: null,
22 verbose parsed url   hash: null,
22 verbose parsed url   search: null,
22 verbose parsed url   query: null,
22 verbose parsed url   pathname: '*',
22 verbose parsed url   path: '*',
22 verbose parsed url   href: '*' }
23 verbose addNamed [ 'component-jquery', '*' ]
24 verbose addNamed [ null, '*' ]
25 silly lockFile 900da168-underscore-1-7-0 underscore@1.7.0
26 verbose lock underscore@1.7.0 /Users/hanyu/.npm/900da168-underscore-1-7-0.lock
27 silly lockFile a2680510-component-jquery component-jquery@*
28 verbose lock component-jquery@* /Users/hanyu/.npm/a2680510-component-jquery.lock
29 silly addNameRange { name: 'component-jquery', range: '*', hasData: false }
30 verbose request where is /component-jquery
31 verbose request registry https://registry.npmjs.org/
32 verbose request id b2871c11073fe69a
33 verbose url raw /component-jquery
34 verbose url resolving [ 'https://registry.npmjs.org/', './component-jquery' ]
35 verbose url resolved https://registry.npmjs.org/component-jquery
36 verbose request where is https://registry.npmjs.org/component-jquery
37 info trying registry request attempt 1 at 16:02:33
38 http GET https://registry.npmjs.org/component-jquery
39 verbose request where is /underscore
40 verbose request registry https://registry.npmjs.org/
41 verbose url raw /underscore
42 verbose url resolving [ 'https://registry.npmjs.org/', './underscore' ]
43 verbose url resolved https://registry.npmjs.org/underscore
44 verbose request where is https://registry.npmjs.org/underscore
45 info trying registry request attempt 1 at 16:02:33
46 verbose etag "D8E4YZHNE0JTO77RSV71U516L"
47 http GET https://registry.npmjs.org/underscore
48 http 404 https://registry.npmjs.org/component-jquery
49 verbose headers { date: 'Mon, 23 Feb 2015 08:02:33 GMT',
49 verbose headers   server: 'CouchDB/1.5.0 (Erlang OTP/R16B03)',
49 verbose headers   'content-type': 'application/json',
49 verbose headers   'cache-control': 'max-age=0',
49 verbose headers   'content-length': '52',
49 verbose headers   'accept-ranges': 'bytes',
49 verbose headers   via: '1.1 varnish',
49 verbose headers   age: '0',
49 verbose headers   'x-served-by': 'cache-sjc3123-SJC',
49 verbose headers   'x-cache': 'MISS',
49 verbose headers   'x-cache-hits': '0',
49 verbose headers   'x-timer': 'S1424678553.858881,VS0,VE39',
49 verbose headers   'keep-alive': 'timeout=10, max=50',
49 verbose headers   connection: 'Keep-Alive' }
50 silly registry.get cb [ 404,
50 silly registry.get   { date: 'Mon, 23 Feb 2015 08:02:33 GMT',
50 silly registry.get     server: 'CouchDB/1.5.0 (Erlang OTP/R16B03)',
50 silly registry.get     'content-type': 'application/json',
50 silly registry.get     'cache-control': 'max-age=0',
50 silly registry.get     'content-length': '52',
50 silly registry.get     'accept-ranges': 'bytes',
50 silly registry.get     via: '1.1 varnish',
50 silly registry.get     age: '0',
50 silly registry.get     'x-served-by': 'cache-sjc3123-SJC',
50 silly registry.get     'x-cache': 'MISS',
50 silly registry.get     'x-cache-hits': '0',
50 silly registry.get     'x-timer': 'S1424678553.858881,VS0,VE39',
50 silly registry.get     'keep-alive': 'timeout=10, max=50',
50 silly registry.get     connection: 'Keep-Alive' } ]
51 silly lockFile a2680510-component-jquery component-jquery@*
52 silly lockFile a2680510-component-jquery component-jquery@*
53 http 200 https://registry.npmjs.org/underscore
54 silly registry.get cb [ 200,
54 silly registry.get   { date: 'Mon, 23 Feb 2015 08:02:33 GMT',
54 silly registry.get     server: 'CouchDB/1.5.0 (Erlang OTP/R16B03)',
54 silly registry.get     etag: '"C72GDD1J415GOJ0ZD2UHH78KY"',
54 silly registry.get     'content-type': 'application/json',
54 silly registry.get     'cache-control': 'max-age=60',
54 silly registry.get     'content-length': '38623',
54 silly registry.get     'accept-ranges': 'bytes',
54 silly registry.get     via: '1.1 varnish',
54 silly registry.get     age: '12',
54 silly registry.get     'x-served-by': 'cache-sjc3124-SJC',
54 silly registry.get     'x-cache': 'HIT',
54 silly registry.get     'x-cache-hits': '1',
54 silly registry.get     'x-timer': 'S1424678553.793436,VS0,VE0',
54 silly registry.get     vary: 'Accept',
54 silly registry.get     'keep-alive': 'timeout=10, max=50',
54 silly registry.get     connection: 'Keep-Alive' } ]
55 silly lockFile 0bc9860b--underscore-underscore-1-7-0-tgz https://registry.npmjs.org/underscore/-/underscore-1.7.0.tgz
56 verbose lock https://registry.npmjs.org/underscore/-/underscore-1.7.0.tgz /Users/hanyu/.npm/0bc9860b--underscore-underscore-1-7-0-tgz.lock
57 verbose addRemoteTarball [ 'https://registry.npmjs.org/underscore/-/underscore-1.7.0.tgz',
57 verbose addRemoteTarball   '6bbaf0877500d36be34ecaa584e0db9fef035209' ]
58 info retry fetch attempt 1 at 16:02:34
59 verbose fetch to= /var/folders/2x/8jrntgb51w913x5hl7dn88t40000gp/T/npm-59112-NGmkKdMF/registry.npmjs.org/underscore/-/underscore-1.7.0.tgz
60 http GET https://registry.npmjs.org/underscore/-/underscore-1.7.0.tgz
61 http 200 https://registry.npmjs.org/underscore/-/underscore-1.7.0.tgz
62 silly lockFile 0bc9860b--underscore-underscore-1-7-0-tgz https://registry.npmjs.org/underscore/-/underscore-1.7.0.tgz
63 silly lockFile 0bc9860b--underscore-underscore-1-7-0-tgz https://registry.npmjs.org/underscore/-/underscore-1.7.0.tgz
64 silly lockFile 900da168-underscore-1-7-0 underscore@1.7.0
65 silly lockFile 900da168-underscore-1-7-0 underscore@1.7.0
66 error 404 404 Not Found: component-jquery
66 error 404
66 error 404 'component-jquery' is not in the npm registry.
66 error 404 You should bug the author to publish it
66 error 404 It was specified as a dependency of 'takeData'
66 error 404
66 error 404 Note that you can also install from a
66 error 404 tarball, folder, or http url, or git url.
67 error System Darwin 13.4.0
68 error command "node" "/usr/local/bin/npm" "install"
69 error cwd /Users/hanyu/Documents/goapp_workspace/girlsintest/node_workspace/takeData
70 error node -v v0.10.35
71 error npm -v 1.4.28
72 error code E404
73 verbose exit [ 1, true ]
